<?xml version="1.0" encoding="UTF-8" ?>
<testsuite errors="0" failures="0" hostname="DESKTOP-1H1IP2H" name="org.jedit.io.Native2ASCIIEncodingTest" skipped="0" tests="108" time="0.733" timestamp="2018-03-05T23:11:30">
  <properties>
    <property name="config.lib.dir" value="lib" />
    <property name="file.encoding.pkg" value="sun.io" />
    <property name="ivy.retrieve.pattern.ivy.instance" value="C:\Users\Ahmar Aftab\eclipse-jEdit\jEdit/lib/[artifact]-[revision](-[classifier]).[ext]" />
    <property name="java.vendor.url.ivy.instance" value="http://java.oracle.com/" />
    <property name="ivy.local.default.ivy.pattern.ivy.instance" value="[organisation]/[module]/[revision]/[type]s/[artifact].[ext]" />
    <property name="ivy.project.dir.ivy.instance" value="C:\Users\Ahmar Aftab\eclipse-jEdit\jEdit" />
    <property name="ivy.resolve.default.type.filter" value="*" />
    <property name="java.home" value="C:\Program Files\Java\jdk1.8.0_131\jre" />
    <property name="ivy.configurations.ivy.instance" value="*" />
    <property name="ivy.basedir.ivy.instance" value="C:\Users\Ahmar Aftab\eclipse-jEdit\jEdit" />
    <property name="ivy.dep.file.ivy.instance" value="ivy.xml" />
    <property name="java.endorsed.dirs" value="C:\Program Files\Java\jdk1.8.0_131\jre\lib\endorsed" />
    <property name="java.class.path.ivy.instance" value="C:\Program Files\Java\jdk1.8.0_131\jre\lib\resources.jar;C:\Program Files\Java\jdk1.8.0_131\jre\lib\rt.jar;C:\Program Files\Java\jdk1.8.0_131\jre\lib\jsse.jar;C:\Program Files\Java\jdk1.8.0_131\jre\lib\jce.jar;C:\Program Files\Java\jdk1.8.0_131\jre\lib\charsets.jar;C:\Program Files\Java\jdk1.8.0_131\jre\lib\jfr.jar;C:\Program Files\Java\jdk1.8.0_131\jre\lib\ext\access-bridge-64.jar;C:\Program Files\Java\jdk1.8.0_131\jre\lib\ext\cldrdata.jar;C:\Program Files\Java\jdk1.8.0_131\jre\lib\ext\dnsns.jar;C:\Program Files\Java\jdk1.8.0_131\jre\lib\ext\jaccess.jar;C:\Program Files\Java\jdk1.8.0_131\jre\lib\ext\jfxrt.jar;C:\Program Files\Java\jdk1.8.0_131\jre\lib\ext\localedata.jar;C:\Program Files\Java\jdk1.8.0_131\jre\lib\ext\nashorn.jar;C:\Program Files\Java\jdk1.8.0_131\jre\lib\ext\sunec.jar;C:\Program Files\Java\jdk1.8.0_131\jre\lib\ext\sunjce_provider.jar;C:\Program Files\Java\jdk1.8.0_131\jre\lib\ext\sunmscapi.jar;C:\Program Files\Java\jdk1.8.0_131\jre\lib\ext\sunpkcs11.jar;C:\Program Files\Java\jdk1.8.0_131\jre\lib\ext\zipfs.jar;C:\Users\Ahmar Aftab\.p2\pool\plugins\org.apache.ant_1.10.1.v20170504-0840\lib\ant-antlr.jar;C:\Users\Ahmar Aftab\.p2\pool\plugins\org.apache.ant_1.10.1.v20170504-0840\lib\ant-apache-bcel.jar;C:\Users\Ahmar Aftab\.p2\pool\plugins\org.apache.ant_1.10.1.v20170504-0840\lib\ant-apache-bsf.jar;C:\Users\Ahmar Aftab\.p2\pool\plugins\org.apache.ant_1.10.1.v20170504-0840\lib\ant-apache-log4j.jar;C:\Users\Ahmar Aftab\.p2\pool\plugins\org.apache.ant_1.10.1.v20170504-0840\lib\ant-apache-oro.jar;C:\Users\Ahmar Aftab\.p2\pool\plugins\org.apache.ant_1.10.1.v20170504-0840\lib\ant-apache-regexp.jar;C:\Users\Ahmar Aftab\.p2\pool\plugins\org.apache.ant_1.10.1.v20170504-0840\lib\ant-apache-resolver.jar;C:\Users\Ahmar Aftab\.p2\pool\plugins\org.apache.ant_1.10.1.v20170504-0840\lib\ant-apache-xalan2.jar;C:\Users\Ahmar Aftab\.p2\pool\plugins\org.apache.ant_1.10.1.v20170504-0840\lib\ant-commons-logging.jar;C:\Users\Ahmar Aftab\.p2\pool\plugins\org.apache.ant_1.10.1.v20170504-0840\lib\ant-commons-net.jar;C:\Users\Ahmar Aftab\.p2\pool\plugins\org.apache.ant_1.10.1.v20170504-0840\lib\ant-jai.jar;C:\Users\Ahmar Aftab\.p2\pool\plugins\org.apache.ant_1.10.1.v20170504-0840\lib\ant-javamail.jar;C:\Users\Ahmar Aftab\.p2\pool\plugins\org.apache.ant_1.10.1.v20170504-0840\lib\ant-jdepend.jar;C:\Users\Ahmar Aftab\.p2\pool\plugins\org.apache.ant_1.10.1.v20170504-0840\lib\ant-jmf.jar;C:\Users\Ahmar Aftab\.p2\pool\plugins\org.apache.ant_1.10.1.v20170504-0840\lib\ant-jsch.jar;C:\Users\Ahmar Aftab\.p2\pool\plugins\org.apache.ant_1.10.1.v20170504-0840\lib\ant-junit.jar;C:\Users\Ahmar Aftab\.p2\pool\plugins\org.apache.ant_1.10.1.v20170504-0840\lib\ant-junit4.jar;C:\Users\Ahmar Aftab\.p2\pool\plugins\org.apache.ant_1.10.1.v20170504-0840\lib\ant-launcher.jar;C:\Users\Ahmar Aftab\.p2\pool\plugins\org.apache.ant_1.10.1.v20170504-0840\lib\ant-netrexx.jar;C:\Users\Ahmar Aftab\.p2\pool\plugins\org.apache.ant_1.10.1.v20170504-0840\lib\ant-swing.jar;C:\Users\Ahmar Aftab\.p2\pool\plugins\org.apache.ant_1.10.1.v20170504-0840\lib\ant-testutil.jar;C:\Users\Ahmar Aftab\.p2\pool\plugins\org.apache.ant_1.10.1.v20170504-0840\lib\ant.jar;C:\Users\Ahmar Aftab\eclipse\java-oxygen\eclipse\configuration\org.eclipse.osgi\72\0\.cp\lib\remoteAnt.jar;C:\Users\Ahmar Aftab\eclipse\java-oxygen\eclipse\configuration\org.eclipse.osgi\548\0\.cp\lib\antdebug.jar;C:\Users\Ahmar Aftab\eclipse\java-oxygen\eclipse\configuration\org.eclipse.osgi\548\0\.cp\lib\remote.jar;C:\Program Files\Java\jdk1.8.0_131\lib\tools.jar;C:\Users\Ahmar Aftab\.p2\pool\plugins\org.eclipse.swt.win32.win32.x86_64_3.106.2.v20171129-0543.jar" />
    <property name="ivy.home" value="C:\Users\Ahmar Aftab\.ivy2" />
    <property name="java.vm.specification.vendor.ivy.instance" value="Oracle Corporation" />
    <property name="sun.os.patch.level" value="" />
    <property name="ivy.dep.file" value="ivy.xml" />
    <property name="java.vendor.url" value="http://java.oracle.com/" />
    <property name="ivy.local.default.artifact.pattern.ivy.instance" value="[organisation]/[module]/[revision]/[type]s/[artifact].[ext]" />
    <property name="ivy.lib.dir.ivy.instance" value="C:\Users\Ahmar Aftab\eclipse-jEdit\jEdit/lib" />
    <property name="java.version" value="1.8.0_131" />
    <property name="ivy.conf.dir.ivy.instance" value="C:\Users\Ahmar Aftab\eclipse-jEdit\jEdit\build" />
    <property name="sun.boot.library.path.ivy.instance" value="C:\Program Files\Java\jdk1.8.0_131\jre\bin" />
    <property name="ivy.done" value="true" />
    <property name="ivy.report.output.pattern.ivy.instance" value="[organisation]-[module]-[conf].[ext]" />
    <property name="ivy.module" value="jedit" />
    <property name="ivy.publish.src.artifacts.pattern.ivy.instance" value="C:\Users\Ahmar Aftab\eclipse-jEdit\jEdit/distrib/[type]s/[artifact]-[revision](-[classifier]).[ext]" />
    <property name="java.vendor.url.bug" value="http://bugreport.sun.com/bugreport/" />
    <property name="sun.management.compiler.ivy.instance" value="HotSpot 64-Bit Tiered Compilers" />
    <property name="ant.project.invoked-targets" value="build" />
    <property name="ivy.local.default.artifact.pattern" value="[organisation]/[module]/[revision]/[type]s/[artifact].[ext]" />
    <property name="os.name.ivy.instance" value="Windows 10" />
    <property name="ivy.default.ivy.user.dir.ivy.instance" value="C:\Users\Ahmar Aftab\.ivy2" />
    <property name="ivy.default.always.check.exact.revision" value="false" />
    <property name="ivy.default.settings.dir.ivy.instance" value="jar:file:/C:/Users/Ahmar%20Aftab/eclipse-jEdit/jEdit/lib/ivy/ivy-2.2.0.jar!/org/apache/ivy/core/settings" />
    <property name="user.name" value="Ahmar Aftab" />
    <property name="sun.io.unicode.encoding" value="UnicodeLittle" />
    <property name="ivy.shared.default.root.ivy.instance" value="C:\Users\Ahmar Aftab\.ivy2/shared" />
    <property name="sun.jnu.encoding" value="Cp1252" />
    <property name="java.runtime.name" value="Java(TM) SE Runtime Environment" />
    <property name="ant.home.ivy.instance" value="C:\Users\Ahmar Aftab\.p2\pool\plugins\org.apache.ant_1.10.1.v20170504-0840" />
    <property name="file.encoding.ivy.instance" value="Cp1252" />
    <property name="ivy.cache.ttl.default.ivy.instance" value="10s" />
    <property name="ivy.conf.file.ivy.instance" value="C:\Users\Ahmar Aftab\eclipse-jEdit\jEdit\build\ivysettings.xml" />
    <property name="java.specification.vendor.ivy.instance" value="Oracle Corporation" />
    <property name="java.vendor.ivy.instance" value="Oracle Corporation" />
    <property name="lib.dir" value="C:\Users\Ahmar Aftab\eclipse-jEdit\jEdit\lib" />
    <property name="sun.cpu.isalist.ivy.instance" value="amd64" />
    <property name="java.specification.name" value="Java Platform API Specification" />
    <property name="user.timezone" value="" />
    <property name="java.endorsed.dirs.ivy.instance" value="C:\Program Files\Java\jdk1.8.0_131\jre\lib\endorsed" />
    <property name="slackware.target.java.version" value="1_8_0" />
    <property name="user.script" value="" />
    <property name="path.separator" value=";" />
    <property name="config.dist.dir" value="dist" />
    <property name="mac.target.java.version" value="1.8+" />
    <property name="java.class.version.ivy.instance" value="52.0" />
    <property name="ivy.default.conf.dir" value="jar:file:/C:/Users/Ahmar%20Aftab/eclipse-jEdit/jEdit/lib/ivy/ivy-2.2.0.jar!/org/apache/ivy/core/settings" />
    <property name="file.encoding" value="Cp1252" />
    <property name="java.runtime.name.ivy.instance" value="Java(TM) SE Runtime Environment" />
    <property name="ivy.resolve.default.type.filter.ivy.instance" value="*" />
    <property name="ant.project.default-target" value="build" />
    <property name="jedit.version.final" value="true" />
    <property name="win.filename" value="jedit5.4.0install" />
    <property name="ivy.targets.copied" value="false" />
    <property name="sun.java.command" value="org.apache.tools.ant.taskdefs.optional.junit.JUnitTestRunner org.jedit.io.Native2ASCIIEncodingTest skipNonTests=false filtertrace=true haltOnError=false haltOnFailure=false formatter=org.apache.tools.ant.taskdefs.optional.junit.SummaryJUnitResultFormatter showoutput=true outputtoformatters=true logfailedtests=true threadid=0 logtestlistenerevents=true formatter=org.apache.tools.ant.taskdefs.optional.junit.XMLJUnitResultFormatter,C:\Users\Ahmar Aftab\eclipse-jEdit\jEdit\build\test\raw-reports\TEST-org.jedit.io.Native2ASCIIEncodingTest.xml crashfile=C:\Users\Ahmar Aftab\eclipse-jEdit\jEdit\junitvmwatcher4555320094750207794.properties propsfile=C:\Users\Ahmar Aftab\eclipse-jEdit\jEdit\junit1432082664714650596.properties" />
    <property name="ivy.shared.default.artifact.pattern" value="[organisation]/[module]/[revision]/[type]s/[artifact].[ext]" />
    <property name="ant.file" value="C:\Users\Ahmar Aftab\eclipse-jEdit\jEdit\build.xml" />
    <property name="ivy.distrib.dir.ivy.instance" value="C:\Users\Ahmar Aftab\eclipse-jEdit\jEdit/distrib" />
    <property name="ivy.checksums.ivy.instance" value="sha1,md5" />
    <property name="sun.arch.data.model.ivy.instance" value="64" />
    <property name="ivy.build.artifacts.dir.ivy.instance" value="C:\Users\Ahmar Aftab\eclipse-jEdit\jEdit/build/artifacts" />
    <property name="user.variant.ivy.instance" value="" />
    <property name="ivy.settings.file" value="ivysettings.xml" />
    <property name="java.io.tmpdir" value="C:\Users\AHMARA~1\AppData\Local\Temp\" />
    <property name="ivy.buildlist.ivyfilepath.ivy.instance" value="ivy.xml" />
    <property name="ivy.cache.ttl.default" value="10s" />
    <property name="user.language" value="en" />
    <property name="user.dir.ivy.instance" value="C:\Users\Ahmar Aftab\eclipse-jEdit\jEdit" />
    <property name="ivy.home.ivy.instance" value="C:\Users\Ahmar Aftab\.ivy2" />
    <property name="line.separator" value="&#xd;&#xa;" />
    <property name="java.specification.version.ivy.instance" value="1.8" />
    <property name="ivy.build.artifacts.dir" value="C:\Users\Ahmar Aftab\eclipse-jEdit\jEdit/build/artifacts" />
    <property name="src.archive.filename" value="jedit5.4.0source.tar.bz2" />
    <property name="sun.io.unicode.encoding.ivy.instance" value="UnicodeLittle" />
    <property name="ivy.status" value="integration" />
    <property name="java.vm.info" value="mixed mode" />
    <property name="ivy.lib.dir" value="C:\Users\Ahmar Aftab\eclipse-jEdit\jEdit/lib" />
    <property name="jedit.build.number" value="05.04.99.00" />
    <property name="sun.desktop" value="windows" />
    <property name="java.vm.specification.name" value="Java Virtual Machine Specification" />
    <property name="ivy.default.conf.dir.ivy.instance" value="jar:file:/C:/Users/Ahmar%20Aftab/eclipse-jEdit/jEdit/lib/ivy/ivy-2.2.0.jar!/org/apache/ivy/core/settings" />
    <property name="java.vm.version.ivy.instance" value="25.131-b11" />
    <property name="user.name.ivy.instance" value="Ahmar Aftab" />
    <property name="config.build.compilerarg" value="-Xlint:unchecked -Xlint:finally -Xlint:fallthrough -Xmaxwarns 1000" />
    <property name="ivy.cache.dir" value="C:\Users\Ahmar Aftab\.ivy2\cache" />
    <property name="java.awt.printerjob" value="sun.awt.windows.WPrinterJob" />
    <property name="jedit.plugins.artifact.patterns" value="&lt;artifact pattern=&quot;jar:http://cytranet.dl.sourceforge.net/project/jedit-plugins/[artifact]/[revision]/[artifact]-[revision]-bin.zip!/[artifact].jar&quot; /&gt;&#xa;&lt;artifact pattern=&quot;jar:http://excellmedia.dl.sourceforge.net/project/jedit-plugins/[artifact]/[revision]/[artifact]-[revision]-bin.zip!/[artifact].jar&quot; /&gt;&#xa;&lt;artifact pattern=&quot;jar:http://freefr.dl.sourceforge.net/project/jedit-plugins/[artifact]/[revision]/[artifact]-[revision]-bin.zip!/[artifact].jar&quot; /&gt;&#xa;&lt;artifact pattern=&quot;jar:http://heanet.dl.sourceforge.net/project/jedit-plugins/[artifact]/[revision]/[artifact]-[revision]-bin.zip!/[artifact].jar&quot; /&gt;&#xa;&lt;artifact pattern=&quot;jar:http://internode.dl.sourceforge.net/project/jedit-plugins/[artifact]/[revision]/[artifact]-[revision]-bin.zip!/[artifact].jar&quot; /&gt;&#xa;&lt;artifact pattern=&quot;jar:http://iweb.dl.sourceforge.net/project/jedit-plugins/[artifact]/[revision]/[artifact]-[revision]-bin.zip!/[artifact].jar&quot; /&gt;&#xa;&lt;artifact pattern=&quot;jar:http://jaist.dl.sourceforge.net/project/jedit-plugins/[artifact]/[revision]/[artifact]-[revision]-bin.zip!/[artifact].jar&quot; /&gt;&#xa;&lt;artifact pattern=&quot;jar:http://kent.dl.sourceforge.net/project/jedit-plugins/[artifact]/[revision]/[artifact]-[revision]-bin.zip!/[artifact].jar&quot; /&gt;&#xa;&lt;artifact pattern=&quot;jar:http://liquidtelecom.dl.sourceforge.net/project/jedit-plugins/[artifact]/[revision]/[artifact]-[revision]-bin.zip!/[artifact].jar&quot; /&gt;&#xa;&lt;artifact pattern=&quot;jar:http://nchc.dl.sourceforge.net/project/jedit-plugins/[artifact]/[revision]/[artifact]-[revision]-bin.zip!/[artifact].jar&quot; /&gt;&#xa;&lt;artifact pattern=&quot;jar:http://ncu.dl.sourceforge.net/project/jedit-plugins/[artifact]/[revision]/[artifact]-[revision]-bin.zip!/[artifact].jar&quot; /&gt;&#xa;&lt;artifact pattern=&quot;jar:http://netcologne.dl.sourceforge.net/project/jedit-plugins/[artifact]/[revision]/[artifact]-[revision]-bin.zip!/[artifact].jar&quot; /&gt;&#xa;&lt;artifact pattern=&quot;jar:http://netix.dl.sourceforge.net/project/jedit-plugins/[artifact]/[revision]/[artifact]-[revision]-bin.zip!/[artifact].jar&quot; /&gt;&#xa;&lt;artifact pattern=&quot;jar:http://pilotfiber.dl.sourceforge.net/project/jedit-plugins/[artifact]/[revision]/[artifact]-[revision]-bin.zip!/[artifact].jar&quot; /&gt;&#xa;&lt;artifact pattern=&quot;jar:http://superb-dca2.dl.sourceforge.net/project/jedit-plugins/[artifact]/[revision]/[artifact]-[revision]-bin.zip!/[artifact].jar&quot; /&gt;&#xa;&lt;artifact pattern=&quot;jar:http://superb-sea2.dl.sourceforge.net/project/jedit-plugins/[artifact]/[revision]/[artifact]-[revision]-bin.zip!/[artifact].jar&quot; /&gt;&#xa;&lt;artifact pattern=&quot;jar:http://svwh.dl.sourceforge.net/project/jedit-plugins/[artifact]/[revision]/[artifact]-[revision]-bin.zip!/[artifact].jar&quot; /&gt;&#xa;&lt;artifact pattern=&quot;jar:http://tenet.dl.sourceforge.net/project/jedit-plugins/[artifact]/[revision]/[artifact]-[revision]-bin.zip!/[artifact].jar&quot; /&gt;&#xa;&lt;artifact pattern=&quot;jar:http://ufpr.dl.sourceforge.net/project/jedit-plugins/[artifact]/[revision]/[artifact]-[revision]-bin.zip!/[artifact].jar&quot; /&gt;&#xa;&lt;artifact pattern=&quot;jar:http://vorboss.dl.sourceforge.net/project/jedit-plugins/[artifact]/[revision]/[artifact]-[revision]-bin.zip!/[artifact].jar&quot; /&gt;&#xa;" />
    <property name="java.io.tmpdir.ivy.instance" value="C:\Users\AHMARA~1\AppData\Local\Temp\" />
    <property name="jar.location" value="C:\Users\Ahmar Aftab\eclipse-jEdit\jEdit\build" />
    <property name="ant.version" value="Apache Ant(TM) version 1.10.1 compiled on February 2 2017" />
    <property name="java.home.ivy.instance" value="C:\Program Files\Java\jdk1.8.0_131\jre" />
    <property name="java.vm.vendor.ivy.instance" value="Oracle Corporation" />
    <property name="user.script.ivy.instance" value="" />
    <property name="ivy.default.settings.dir" value="jar:file:/C:/Users/Ahmar%20Aftab/eclipse-jEdit/jEdit/lib/ivy/ivy-2.2.0.jar!/org/apache/ivy/core/settings" />
    <property name="jedit.version" value="5.4.0" />
    <property name="ivy.configurations" value="*" />
    <property name="ivy.settings.url" value="file:/C:/Users/Ahmar%20Aftab/eclipse-jEdit/jEdit/build/ivysettings.xml" />
    <property name="os.name" value="Windows 10" />
    <property name="java.specification.vendor" value="Oracle Corporation" />
    <property name="sun.jnu.encoding.ivy.instance" value="Cp1252" />
    <property name="ivy.deliver.ivy.pattern.ivy.instance" value="C:\Users\Ahmar Aftab\eclipse-jEdit\jEdit/distrib/[type]s/[artifact]-[revision](-[classifier]).[ext]" />
    <property name="manual.filename.prefix" value="jedit5.4.0manual-" />
    <property name="ivy.checksums" value="sha1,md5" />
    <property name="ant.file.jedit" value="C:\Users\Ahmar Aftab\eclipse-jEdit\jEdit\build.xml" />
    <property name="java.vm.name" value="Java HotSpot(TM) 64-Bit Server VM" />
    <property name="ivy.jar.file" value="C:\Users\Ahmar Aftab\eclipse-jEdit\jEdit\lib\ivy\ivy-2.2.0.jar" />
    <property name="ivy.log.modules.in.use" value="false" />
    <property name="java.runtime.version.ivy.instance" value="1.8.0_131-b11" />
    <property name="ivy.report.output.pattern" value="[organisation]-[module]-[conf].[ext]" />
    <property name="ivy.version" value="2.2.0" />
    <property name="java.library.path" value="C:\Program Files\Java\jdk1.8.0_131\jre\bin;C:\WINDOWS\Sun\Java\bin;C:\WINDOWS\system32;C:\WINDOWS;C:\ProgramData\Oracle\Java\javapath;C:\Windows\System32;C:\Windows;C:\Windows\System32\wbem;C:\Windows\System32\WindowsPowerShell\v1.0\;C:\Program Files (x86)\NVIDIA Corporation\PhysX\Common;C:\Windows\System32;C:\Windows;C:\Windows\System32\wbem;C:\Windows\System32\WindowsPowerShell\v1.0\;C:\Program Files\Intel\WiFi\bin\;C:\Program Files\Common Files\Intel\WirelessCommon\;C:\PROGRA~2\scala\bin;D:\Hadoop\hadoop-2.7.4\bin;C:\Program Files\PuTTY\;C:\PROGRA~1\Java\JDK18~1.0_1\bin;D:\spark\spark-2.2.0-bin-hadoop2.7\bin;D:\apache-maven-3.5.2\bin;C:\Program Files\MATLAB\R2017b\bin;;C:\Program Files\gettext-iconv\bin;C:\Program Files\Java\jdk1.8.0_131\bin;C:\Users\Ahmar Aftab\AppData\Local\Microsoft\WindowsApps;C:\Program Files\gettext-iconv\bin;C:\Users\Ahmar Aftab\AppData\Local\GitHubDesktop\bin;;." />
    <property name="ivy.conf.url" value="file:/C:/Users/Ahmar%20Aftab/eclipse-jEdit/jEdit/build/ivysettings.xml" />
    <property name="java.vm.name.ivy.instance" value="Java HotSpot(TM) 64-Bit Server VM" />
    <property name="os.version.ivy.instance" value="10.0" />
    <property name="line.separator.ivy.instance" value="&#xd;&#xa;" />
    <property name="ant.java.version" value="1.8" />
    <property name="sun.desktop.ivy.instance" value="windows" />
    <property name="sun.cpu.endian.ivy.instance" value="little" />
    <property name="mac.disk.image.filename" value="jedit5.4.0install.dmg" />
    <property name="java.vm.specification.name.ivy.instance" value="Java Virtual Machine Specification" />
    <property name="basedir" value="C:\Users\Ahmar Aftab\eclipse-jEdit\jEdit" />
    <property name="java.class.version" value="52.0" />
    <property name="ivy.settings.url.ivy.instance" value="file:/C:/Users/Ahmar%20Aftab/eclipse-jEdit/jEdit/build/ivysettings.xml" />
    <property name="path.separator.ivy.instance" value=";" />
    <property name="sun.boot.class.path.ivy.instance" value="C:\Program Files\Java\jdk1.8.0_131\jre\lib\resources.jar;C:\Program Files\Java\jdk1.8.0_131\jre\lib\rt.jar;C:\Program Files\Java\jdk1.8.0_131\jre\lib\sunrsasign.jar;C:\Program Files\Java\jdk1.8.0_131\jre\lib\jsse.jar;C:\Program Files\Java\jdk1.8.0_131\jre\lib\jce.jar;C:\Program Files\Java\jdk1.8.0_131\jre\lib\charsets.jar;C:\Program Files\Java\jdk1.8.0_131\jre\lib\jfr.jar;C:\Program Files\Java\jdk1.8.0_131\jre\classes" />
    <property name="ant.home" value="C:\Users\Ahmar Aftab\.p2\pool\plugins\org.apache.ant_1.10.1.v20170504-0840" />
    <property name="ivy.jar.filename" value="ivy-2.2.0.jar" />
    <property name="config.ivy.version" value="2.2.0" />
    <property name="dist.jar.filename" value="jedit5.4.0install.jar" />
    <property name="ivy.resolved.configurations" value="default, master, compile, runtime, test, provided, sources, javadoc, ant-contrib, docbook, fop, launch4j, scripting, default-plugins" />
    <property name="config.build.deprecation" value="true" />
    <property name="ivy.deliver.ivy.pattern" value="C:\Users\Ahmar Aftab\eclipse-jEdit\jEdit/distrib/[type]s/[artifact]-[revision](-[classifier]).[ext]" />
    <property name="build.dir" value="C:\Users\Ahmar Aftab\eclipse-jEdit\jEdit\build" />
    <property name="sun.boot.library.path" value="C:\Program Files\Java\jdk1.8.0_131\jre\bin" />
    <property name="ivy.default.always.check.exact.revision.ivy.instance" value="false" />
    <property name="java.library.path.ivy.instance" value="C:\Progra~1\Java\jdk1.8.0_131\bin;C:\WINDOWS\Sun\Java\bin;C:\WINDOWS\system32;C:\WINDOWS;C:\ProgramData\Oracle\Java\javapath;C:\Windows\System32;C:\Windows;C:\Windows\System32\wbem;C:\Windows\System32\WindowsPowerShell\v1.0\;C:\Program Files (x86)\NVIDIA Corporation\PhysX\Common;C:\Windows\System32;C:\Windows;C:\Windows\System32\wbem;C:\Windows\System32\WindowsPowerShell\v1.0\;C:\Program Files\Intel\WiFi\bin\;C:\Program Files\Common Files\Intel\WirelessCommon\;C:\PROGRA~2\scala\bin;D:\Hadoop\hadoop-2.7.4\bin;C:\Program Files\PuTTY\;C:\PROGRA~1\Java\JDK18~1.0_1\bin;D:\spark\spark-2.2.0-bin-hadoop2.7\bin;D:\apache-maven-3.5.2\bin;C:\Program Files\MATLAB\R2017b\bin;;C:\Program Files\gettext-iconv\bin;C:\Program Files\Java\jdk1.8.0_131\bin;C:\Users\Ahmar Aftab\AppData\Local\Microsoft\WindowsApps;C:\Program Files\gettext-iconv\bin;C:\Users\Ahmar Aftab\AppData\Local\GitHubDesktop\bin;;.;C:\Users\Ahmar%20Aftab\eclipse\java-oxygen\eclipse\configuration\org.eclipse.osgi\676\0\.cp" />
    <property name="awt.toolkit.ivy.instance" value="sun.awt.windows.WToolkit" />
    <property name="ivy.jar.present" value="true" />
    <property name="ivy.basedir" value="C:\Users\Ahmar Aftab\eclipse-jEdit\jEdit" />
    <property name="sun.management.compiler" value="HotSpot 64-Bit Tiered Compilers" />
    <property name="user.variant" value="" />
    <property name="java.awt.graphicsenv" value="sun.awt.Win32GraphicsEnvironment" />
    <property name="java.ext.dirs.ivy.instance" value="C:\Program Files\Java\jdk1.8.0_131\jre\lib\ext;C:\WINDOWS\Sun\Java\lib\ext" />
    <property name="ivy.log.modules.in.use.ivy.instance" value="false" />
    <property name="sun.os.patch.level.ivy.instance" value="" />
    <property name="file.encoding.pkg.ivy.instance" value="sun.io" />
    <property name="ivy.shared.default.ivy.pattern" value="[organisation]/[module]/[revision]/[type]s/[artifact].[ext]" />
    <property name="ivy.resolver.default.check.modified" value="false" />
    <property name="ivy.settings.file.ivy.instance" value="C:\Users\Ahmar Aftab\eclipse-jEdit\jEdit\build\ivysettings.xml" />
    <property name="ivy.nb.targets.copied" value="0" />
    <property name="ant.project.name" value="jedit" />
    <property name="ivy.cache.dir.ivy.instance" value="C:\Users\Ahmar Aftab\.ivy2\cache" />
    <property name="java.vm.specification.version" value="1.8" />
    <property name="ivy.status.ivy.instance" value="integration" />
    <property name="awt.toolkit" value="sun.awt.windows.WToolkit" />
    <property name="sun.cpu.isalist" value="amd64" />
    <property name="file.separator.ivy.instance" value="\" />
    <property name="ivy.deps.changed" value="false" />
    <property name="java.ext.dirs" value="C:\Program Files\Java\jdk1.8.0_131\jre\lib\ext;C:\WINDOWS\Sun\Java\lib\ext" />
    <property name="ivy.local.default.root.ivy.instance" value="C:\Users\Ahmar Aftab\.ivy2/local" />
    <property name="os.version" value="10.0" />
    <property name="user.home" value="C:\Users\Ahmar Aftab" />
    <property name="sun.java.launcher.ivy.instance" value="SUN_STANDARD" />
    <property name="java.vm.vendor" value="Oracle Corporation" />
    <property name="ivy.local.default.root" value="C:\Users\Ahmar Aftab\.ivy2/local" />
    <property name="ivy.organisation" value="org.jedit" />
    <property name="user.dir" value="C:\Users\Ahmar Aftab\eclipse-jEdit\jEdit" />
    <property name="ant.library.dir.ivy.instance" value="C:\Users\Ahmar Aftab\.p2\pool\plugins\org.apache.ant_1.10.1.v20170504-0840\lib" />
    <property name="ivy.local.default.ivy.pattern" value="[organisation]/[module]/[revision]/[type]s/[artifact].[ext]" />
    <property name="ivy.shared.default.ivy.pattern.ivy.instance" value="[organisation]/[module]/[revision]/[type]s/[artifact].[ext]" />
    <property name="ivy.publish.src.artifacts.pattern" value="C:\Users\Ahmar Aftab\eclipse-jEdit\jEdit/distrib/[type]s/[artifact]-[revision](-[classifier]).[ext]" />
    <property name="java.vm.info.ivy.instance" value="mixed mode" />
    <property name="sun.java.command.ivy.instance" value="org.eclipse.ant.internal.launching.remote.InternalAntRunner -Dorg.eclipse.ant.core.ANT_PROCESS_ID=1520291468093 -Declipse.connect.port=64265 -Dant.home=C:\Users\Ahmar Aftab\.p2\pool\plugins\org.apache.ant_1.10.1.v20170504-0840 -logger org.eclipse.ant.internal.launching.remote.logger.RemoteAntBuildLogger -inputhandler org.eclipse.ant.internal.ui.antsupport.inputhandler.ProxyInputHandler -buildfile C:\Users\Ahmar Aftab\eclipse-jEdit\jEdit\build.xml" />
    <property name="ivy.distrib.dir" value="C:\Users\Ahmar Aftab\eclipse-jEdit\jEdit/distrib" />
    <property name="sun.cpu.endian" value="little" />
    <property name="ivy.revision" value="working@DESKTOP-1H1IP2H" />
    <property name="user.timezone.ivy.instance" value="America/Denver" />
    <property name="java.vm.version" value="25.131-b11" />
    <property name="config.build.debuglevel" value="lines,vars,source" />
    <property name="ivy.default.ivy.user.dir" value="C:\Users\Ahmar Aftab\.ivy2" />
    <property name="java.class.path" value="C:\Users\Ahmar Aftab\eclipse-jEdit\jEdit\lib\test\hamcrest-core.jar;C:\Users\Ahmar Aftab\eclipse-jEdit\jEdit\lib\test\hamcrest-library.jar;C:\Users\Ahmar Aftab\eclipse-jEdit\jEdit\lib\test\jsr305.jar;C:\Users\Ahmar Aftab\eclipse-jEdit\jEdit\lib\test\junit-dep.jar;C:\Users\Ahmar Aftab\eclipse-jEdit\jEdit\build\classes\core;C:\Users\Ahmar Aftab\eclipse-jEdit\jEdit\build\classes\test;C:\Users\Ahmar Aftab\.p2\pool\plugins\org.apache.ant_1.10.1.v20170504-0840\lib\ant.jar;C:\Users\Ahmar Aftab\.p2\pool\plugins\org.apache.ant_1.10.1.v20170504-0840\lib\ant-junit.jar;C:\Users\Ahmar Aftab\.p2\pool\plugins\org.apache.ant_1.10.1.v20170504-0840\lib\ant-junit4.jar" />
    <property name="user.home.ivy.instance" value="C:\Users\Ahmar Aftab" />
    <property name="basedir.ivy.instance" value="C:\Users\Ahmar Aftab\eclipse-jEdit\jEdit" />
    <property name="ant.library.dir" value="C:\Users\Ahmar Aftab\.p2\pool\plugins\org.apache.ant_1.10.1.v20170504-0840\lib" />
    <property name="os.arch" value="amd64" />
    <property name="ivy.jar.dir" value="C:\Users\Ahmar Aftab\eclipse-jEdit\jEdit\lib\ivy" />
    <property name="ivy.conf.file" value="C:\Users\Ahmar Aftab\eclipse-jEdit\jEdit\build\ivysettings.xml" />
    <property name="java.awt.graphicsenv.ivy.instance" value="sun.awt.Win32GraphicsEnvironment" />
    <property name="java.vendor.url.bug.ivy.instance" value="http://bugreport.sun.com/bugreport/" />
    <property name="java.vm.specification.version.ivy.instance" value="1.8" />
    <property name="dist.dir" value="C:\Users\Ahmar Aftab\eclipse-jEdit\jEdit\dist" />
    <property name="sun.java.launcher" value="SUN_STANDARD" />
    <property name="init.done" value="true" />
    <property name="classes.dir" value="C:\Users\Ahmar Aftab\eclipse-jEdit\jEdit\build\classes" />
    <property name="java.awt.printerjob.ivy.instance" value="sun.awt.windows.WPrinterJob" />
    <property name="ivy.settings.dir.ivy.instance" value="C:\Users\Ahmar Aftab\eclipse-jEdit\jEdit\build" />
    <property name="ivy.resolver.default.check.modified.ivy.instance" value="false" />
    <property name="ant.core.lib" value="C:\Users\Ahmar Aftab\.p2\pool\plugins\org.apache.ant_1.10.1.v20170504-0840\lib\ant.jar" />
    <property name="ivy.settings.dir" value="C:\Users\Ahmar Aftab\eclipse-jEdit\jEdit\build" />
    <property name="java.vm.specification.vendor" value="Oracle Corporation" />
    <property name="file.separator" value="\" />
    <property name="user.language.ivy.instance" value="en" />
    <property name="ivy.shared.default.artifact.pattern.ivy.instance" value="[organisation]/[module]/[revision]/[type]s/[artifact].[ext]" />
    <property name="user.country.ivy.instance" value="US" />
    <property name="ivy.conf.url.ivy.instance" value="file:/C:/Users/Ahmar%20Aftab/eclipse-jEdit/jEdit/build/ivysettings.xml" />
    <property name="java.specification.name.ivy.instance" value="Java Platform API Specification" />
    <property name="java.runtime.version" value="1.8.0_131-b11" />
    <property name="sun.boot.class.path" value="C:\Program Files\Java\jdk1.8.0_131\jre\lib\resources.jar;C:\Program Files\Java\jdk1.8.0_131\jre\lib\rt.jar;C:\Program Files\Java\jdk1.8.0_131\jre\lib\sunrsasign.jar;C:\Program Files\Java\jdk1.8.0_131\jre\lib\jsse.jar;C:\Program Files\Java\jdk1.8.0_131\jre\lib\jce.jar;C:\Program Files\Java\jdk1.8.0_131\jre\lib\charsets.jar;C:\Program Files\Java\jdk1.8.0_131\jre\lib\jfr.jar;C:\Program Files\Java\jdk1.8.0_131\jre\classes" />
    <property name="ivy.conf.dir" value="C:\Users\Ahmar Aftab\eclipse-jEdit\jEdit\build" />
    <property name="ivy.retrieve.pattern" value="C:\Users\Ahmar Aftab\eclipse-jEdit\jEdit\lib/[conf]/[artifact](-[classifier]).[ext]" />
    <property name="config.build.dir" value="build" />
    <property name="jar.filename" value="jedit.jar" />
    <property name="textAreaPackage" value="C:\Users\Ahmar Aftab\eclipse-jEdit\textarea" />
    <property name="user.country" value="US" />
    <property name="ivy.shared.default.root" value="C:\Users\Ahmar Aftab\.ivy2/shared" />
    <property name="java.version.ivy.instance" value="1.8.0_131" />
    <property name="ant.file.type.jedit" value="file" />
    <property name="ivy.resolved.file" value="C:\Users\Ahmar Aftab\eclipse-jEdit\jEdit\ivy.xml" />
    <property name="target.java.version" value="1.8" />
    <property name="os.arch.ivy.instance" value="amd64" />
    <property name="java.vendor" value="Oracle Corporation" />
    <property name="ivy.project.dir" value="C:\Users\Ahmar Aftab\eclipse-jEdit\jEdit" />
    <property name="java.specification.version" value="1.8" />
    <property name="sun.arch.data.model" value="64" />
    <property name="ivy.buildlist.ivyfilepath" value="ivy.xml" />
    <property name="config.build.nowarn" value="false" />
  </properties>
  <testcase classname="org.jedit.io.Native2ASCIIEncodingTest" name="read_charArray_int_int_ShouldIgnoreMalformedEscapeSequenceThatFollowsOneBackslash" time="0.035" />
  <testcase classname="org.jedit.io.Native2ASCIIEncodingTest" name="read_charArray_int_int_ShouldCorrectlyHandleLessThan5NonEscapeCharactersAfterBackslash" time="0.002" />
  <testcase classname="org.jedit.io.Native2ASCIIEncodingTest" name="read_charArray_int_int_ShouldIgnoreIncompleteEscapeSequenceThatFollowsOneBackslash" time="0.001" />
  <testcase classname="org.jedit.io.Native2ASCIIEncodingTest" name="append_CharSequence_ShouldEncodeASCIICharactersCorrectly" time="0.001" />
  <testcase classname="org.jedit.io.Native2ASCIIEncodingTest" name="write_int_ShouldEncodeNonASCIICharactersCorrectly" time="0.0" />
  <testcase classname="org.jedit.io.Native2ASCIIEncodingTest" name="append_CharSequence_int_int_ShouldEncodeASCIICharactersCorrectly" time="0.0" />
  <testcase classname="org.jedit.io.Native2ASCIIEncodingTest" name="read_charArray_int_int_ShouldCorrectlyHandleEOF" time="0.0" />
  <testcase classname="org.jedit.io.Native2ASCIIEncodingTest" name="readShouldCorrectlyHandleEOFAfterBackslash" time="0.003" />
  <testcase classname="org.jedit.io.Native2ASCIIEncodingTest" name="append_CharSequence_ShouldEncodeNullCorrectly" time="0.001" />
  <testcase classname="org.jedit.io.Native2ASCIIEncodingTest" name="append_char_ShouldEncodeASCIICharactersCorrectly" time="0.001" />
  <testcase classname="org.jedit.io.Native2ASCIIEncodingTest" name="skipShouldSkipGivenAmountIfAvailable" time="0.001" />
  <testcase classname="org.jedit.io.Native2ASCIIEncodingTest" name="skipShouldNotDoAnythingIfToSkipIsZero" time="0.004" />
  <testcase classname="org.jedit.io.Native2ASCIIEncodingTest" name="skipShouldThrowExceptionIfToSkipIsNegative" time="0.0" />
  <testcase classname="org.jedit.io.Native2ASCIIEncodingTest" name="read_CharBuffer_ShouldCorrectlyHandleEOF" time="0.0" />
  <testcase classname="org.jedit.io.Native2ASCIIEncodingTest" name="write_int_ShouldEncodeASCIICharactersCorrectly" time="0.0" />
  <testcase classname="org.jedit.io.Native2ASCIIEncodingTest" name="readerShouldBeAbleToDecodeWhatWriterHasEncoded" time="0.003" />
  <testcase classname="org.jedit.io.Native2ASCIIEncodingTest" name="textReaderWithNullAsClassParameterShouldWork" time="0.0" />
  <testcase classname="org.jedit.io.Native2ASCIIEncodingTest" name="read_CharBuffer_ShouldIgnoreEscapeSequenceThatFollowsOneBackslash" time="0.001" />
  <testcase classname="org.jedit.io.Native2ASCIIEncodingTest" name="read_charArray_ShouldIgnoreEscapeSequenceThatFollowsThreeBackslashes" time="0.0" />
  <testcase classname="org.jedit.io.Native2ASCIIEncodingTest" name="read_CharBuffer_ShouldIgnoreEscapeSequenceThatFollowsThreeBackslashes" time="0.0" />
  <testcase classname="org.jedit.io.Native2ASCIIEncodingTest" name="read_charArray_int_int_ShouldConvertEscapeSequenceThatFollowsTwoBackslashes" time="0.0" />
  <testcase classname="org.jedit.io.Native2ASCIIEncodingTest" name="read_charArray_int_int_ShouldConvertEscapeSequenceWithThrottledInputStream" time="0.003" />
  <testcase classname="org.jedit.io.Native2ASCIIEncodingTest" name="permissiveRead_charArray_ShouldAcceptMalformedInputWithThrottledReader" time="0.002" />
  <testcase classname="org.jedit.io.Native2ASCIIEncodingTest" name="readerShouldDecodeIfWriterHasWrittenEscapeSequenceAsSingleCharacters" time="0.001" />
  <testcase classname="org.jedit.io.Native2ASCIIEncodingTest" name="read_CharBuffer_ShouldConvertEscapeSequenceWithThrottledInputStream" time="0.0" />
  <testcase classname="org.jedit.io.Native2ASCIIEncodingTest" name="read_charArray_ShouldThrowExceptionOnMalformedInputWithThrottledReader" time="0.001" />
  <testcase classname="org.jedit.io.Native2ASCIIEncodingTest" name="read_charArray_int_int_ShouldThrowExceptionOnMalformedInputWithThrottledReader" time="0.0" />
  <testcase classname="org.jedit.io.Native2ASCIIEncodingTest" name="read_charArray_ShouldConvertEscapeSequenceWithThrottledInputStream" time="0.001" />
  <testcase classname="org.jedit.io.Native2ASCIIEncodingTest" name="read_charArray_int_int_ShouldIgnoreEscapeSequenceThatFollowsThreeBackslashes" time="0.0" />
  <testcase classname="org.jedit.io.Native2ASCIIEncodingTest" name="read_CharBuffer_ShouldIgnoreMalformedEscapeSequenceThatFollowsOneBackslash" time="0.001" />
  <testcase classname="org.jedit.io.Native2ASCIIEncodingTest" name="read_CharBuffer_ShouldThrowExceptionOnMalformedInputWithThrottledReader" time="0.001" />
  <testcase classname="org.jedit.io.Native2ASCIIEncodingTest" name="append_CharSequence_int_int_ShouldEncodeNonASCIICharactersCorrectly" time="0.001" />
  <testcase classname="org.jedit.io.Native2ASCIIEncodingTest" name="read_charArray_int_int_shouldReadOnAfterCollapsingEscapeSequences" time="0.0" />
  <testcase classname="org.jedit.io.Native2ASCIIEncodingTest" name="permissiveRead_charArray_int_int_ShouldAcceptMalformedInputWithThrottledReader" time="0.0" />
  <testcase classname="org.jedit.io.Native2ASCIIEncodingTest" name="read_CharBuffer_ShouldConvertEscapeSequenceThatFollowsTwoBackslashes" time="0.0" />
  <testcase classname="org.jedit.io.Native2ASCIIEncodingTest" name="read_CharBuffer_ShouldIgnoreIncompleteEscapeSequenceThatFollowsOneBackslash" time="0.0" />
  <testcase classname="org.jedit.io.Native2ASCIIEncodingTest" name="read_charArray_int_int_ShouldReadBackslashWithoutFollowingUAsBackslash" time="0.0" />
  <testcase classname="org.jedit.io.Native2ASCIIEncodingTest" name="permissiveRead_CharBuffer_ShouldAcceptMalformedInputWithThrottledReader" time="0.0" />
  <testcase classname="org.jedit.io.Native2ASCIIEncodingTest" name="read_charArray_ShouldIgnoreIncompleteEscapeSequenceThatFollowsOneBackslash" time="0.0" />
  <testcase classname="org.jedit.io.Native2ASCIIEncodingTest" name="read_CharBuffer_ShouldCorrectlyHandleLessThan5NonEscapeCharactersAfterBackslash" time="0.0" />
  <testcase classname="org.jedit.io.Native2ASCIIEncodingTest" name="read_charArray_ShouldConvertEscapeSequenceThatFollowsTwoBackslashes" time="0.0" />
  <testcase classname="org.jedit.io.Native2ASCIIEncodingTest" name="read_charArray_ShouldIgnoreMalformedEscapeSequenceThatFollowsOneBackslash" time="0.0" />
  <testcase classname="org.jedit.io.Native2ASCIIEncodingTest" name="read_charArray_int_int_ShouldIgnoreEscapeSequenceThatFollowsOneBackslash" time="0.001" />
  <testcase classname="org.jedit.io.Native2ASCIIEncodingTest" name="readShouldConvertEscapeSequence" time="0.0" />
  <testcase classname="org.jedit.io.Native2ASCIIEncodingTest" name="multipleSkipCallsShouldWork" time="0.0" />
  <testcase classname="org.jedit.io.Native2ASCIIEncodingTest" name="readShouldCorrectlyHandleEOF" time="0.0" />
  <testcase classname="org.jedit.io.Native2ASCIIEncodingTest" name="read_charArray_int_int_ShouldThrowExceptionOnIncompleteEscapeSequence" time="0.0" />
  <testcase classname="org.jedit.io.Native2ASCIIEncodingTest" name="permissiveRead_charArray_int_int_ShouldAcceptIncompleteEscapeSequence" time="0.006" />
  <testcase classname="org.jedit.io.Native2ASCIIEncodingTest" name="readShouldCorrectlyHandleLessThan5NonEscapeCharactersAfterBackslash" time="0.001" />
  <testcase classname="org.jedit.io.Native2ASCIIEncodingTest" name="read_charArray_ShouldCorrectlyHandleLessThan5NonEscapeCharactersAfterBackslash" time="0.0" />
  <testcase classname="org.jedit.io.Native2ASCIIEncodingTest" name="read_charArray_ShouldCorrectlyHandleEOF" time="0.0" />
  <testcase classname="org.jedit.io.Native2ASCIIEncodingTest" name="permissiveRead_charArray_ShouldAcceptMissingInputAfterU" time="0.001" />
  <testcase classname="org.jedit.io.Native2ASCIIEncodingTest" name="read_charArray_ShouldIgnoreEscapeSequenceThatFollowsOneBackslash" time="0.0" />
  <testcase classname="org.jedit.io.Native2ASCIIEncodingTest" name="readShouldIgnoreEscapeSequenceThatFollowsThreeBackslashes" time="0.0" />
  <testcase classname="org.jedit.io.Native2ASCIIEncodingTest" name="read_CharBuffer_ShouldCorrectlyHandleEOFAfterBackslash" time="0.001" />
  <testcase classname="org.jedit.io.Native2ASCIIEncodingTest" name="readShouldIgnoreMalformedEscapeSequenceThatFollowsOneBackslash" time="0.001" />
  <testcase classname="org.jedit.io.Native2ASCIIEncodingTest" name="readShouldIgnoreIncompleteEscapeSequenceThatFollowsOneBackslash" time="0.0" />
  <testcase classname="org.jedit.io.Native2ASCIIEncodingTest" name="differentReadMethodsShouldHaveACommonEscapeSequenceHandling" time="0.0" />
  <testcase classname="org.jedit.io.Native2ASCIIEncodingTest" name="permissiveRead_charArray_int_int_ShouldAcceptMalformedInput" time="0.0" />
  <testcase classname="org.jedit.io.Native2ASCIIEncodingTest" name="skipShouldSkipAllIfToSkipIsGreaterThanInputLength" time="0.0" />
  <testcase classname="org.jedit.io.Native2ASCIIEncodingTest" name="readShouldConvertEscapeSequenceThatFollowsTwoBackslashes" time="0.0" />
  <testcase classname="org.jedit.io.Native2ASCIIEncodingTest" name="differentReadMethodsShouldBeUsableOnTheSameStream" time="0.0" />
  <testcase classname="org.jedit.io.Native2ASCIIEncodingTest" name="read_charArray_ShouldCorrectlyHandleEOFAfterBackslash" time="0.001" />
  <testcase classname="org.jedit.io.Native2ASCIIEncodingTest" name="read_charArray_ShouldReadBackslashWithoutFollowingUAsBackslash" time="0.001" />
  <testcase classname="org.jedit.io.Native2ASCIIEncodingTest" name="read_CharBuffer_ShouldReadBackslashWithoutFollowingUAsBackslash" time="0.0" />
  <testcase classname="org.jedit.io.Native2ASCIIEncodingTest" name="readerShouldReadSingleCharactersIfWriterAddedAnEscapingBackslash" time="0.001" />
  <testcase classname="org.jedit.io.Native2ASCIIEncodingTest" name="read_CharBuffer_shouldReadOnAfterCollapsingEscapeSequences" time="0.0" />
  <testcase classname="org.jedit.io.Native2ASCIIEncodingTest" name="write_charArray_int_int_ShouldEncodeASCIICharactersCorrectly" time="0.0" />
  <testcase classname="org.jedit.io.Native2ASCIIEncodingTest" name="write_String_int_int_ShouldEncodeASCIICharactersCorrectly" time="0.0" />
  <testcase classname="org.jedit.io.Native2ASCIIEncodingTest" name="write_charArray_ShouldEncodeASCIICharactersCorrectly" time="0.001" />
  <testcase classname="org.jedit.io.Native2ASCIIEncodingTest" name="write_String_ShouldEncodeASCIICharactersCorrectly" time="0.001" />
  <testcase classname="org.jedit.io.Native2ASCIIEncodingTest" name="read_charArray_int_int_ShouldConvertEscapeSequence" time="0.001" />
  <testcase classname="org.jedit.io.Native2ASCIIEncodingTest" name="permissiveRead_CharBuffer_ShouldAcceptMalformedInput" time="0.0" />
  <testcase classname="org.jedit.io.Native2ASCIIEncodingTest" name="read_charArray_shouldReadOnAfterCollapsingEscapeSequences" time="0.0" />
  <testcase classname="org.jedit.io.Native2ASCIIEncodingTest" name="readShouldThrowExceptionOnIncompleteEscapeSequence" time="0.0" />
  <testcase classname="org.jedit.io.Native2ASCIIEncodingTest" name="read_charArray_int_int_ShouldThrowExceptionOnMissingInputAfterU" time="0.001" />
  <testcase classname="org.jedit.io.Native2ASCIIEncodingTest" name="read_charArray_ShouldThrowExceptionOnMissingInputAfterU" time="0.001" />
  <testcase classname="org.jedit.io.Native2ASCIIEncodingTest" name="permissiveRead_CharBuffer_ShouldAcceptIncompleteEscapeSequence" time="0.0" />
  <testcase classname="org.jedit.io.Native2ASCIIEncodingTest" name="read_charArray_ShouldThrowExceptionOnIncompleteEscapeSequence" time="0.0" />
  <testcase classname="org.jedit.io.Native2ASCIIEncodingTest" name="permissiveRead_charArray_int_int_ShouldAcceptMissingInputAfterU" time="0.0" />
  <testcase classname="org.jedit.io.Native2ASCIIEncodingTest" name="read_charArray_int_int_ShouldCorrectlyHandleEOFAfterBackslash" time="0.0" />
  <testcase classname="org.jedit.io.Native2ASCIIEncodingTest" name="readShouldThrowExceptionOnMalformedInputWithThrottledReader" time="0.003" />
  <testcase classname="org.jedit.io.Native2ASCIIEncodingTest" name="readShouldReadBackslashWithoutFollowingUAsBackslash" time="0.0" />
  <testcase classname="org.jedit.io.Native2ASCIIEncodingTest" name="permissiveReadShouldAcceptIncompleteEscapeSequence" time="0.0" />
  <testcase classname="org.jedit.io.Native2ASCIIEncodingTest" name="permissiveRead_charArray_ShouldAcceptIncompleteEscapeSequence" time="0.0" />
  <testcase classname="org.jedit.io.Native2ASCIIEncodingTest" name="readShouldConvertEscapeSequenceWithThrottledInputStream" time="0.0" />
  <testcase classname="org.jedit.io.Native2ASCIIEncodingTest" name="permissiveRead_CharBuffer_ShouldAcceptMissingInputAfterU" time="0.001" />
  <testcase classname="org.jedit.io.Native2ASCIIEncodingTest" name="permissiveReadShouldAcceptMalformedInputWithThrottledReader" time="0.0" />
  <testcase classname="org.jedit.io.Native2ASCIIEncodingTest" name="readShouldIgnoreEscapeSequenceThatFollowsOneBackslash" time="0.0" />
  <testcase classname="org.jedit.io.Native2ASCIIEncodingTest" name="read_CharBuffer_ShouldThrowExceptionOnMissingInputAfterU" time="0.001" />
  <testcase classname="org.jedit.io.Native2ASCIIEncodingTest" name="read_CharBuffer_ShouldThrowExceptionOnIncompleteEscapeSequence" time="0.0" />
  <testcase classname="org.jedit.io.Native2ASCIIEncodingTest" name="read_charArray_int_int_ShouldThrowExceptionOnMalformedInput" time="0.001" />
  <testcase classname="org.jedit.io.Native2ASCIIEncodingTest" name="read_CharBuffer_ShouldThrowExceptionOnMalformedInput" time="0.0" />
  <testcase classname="org.jedit.io.Native2ASCIIEncodingTest" name="permissiveRead_charArray_ShouldAcceptMalformedInput" time="0.001" />
  <testcase classname="org.jedit.io.Native2ASCIIEncodingTest" name="read_charArray_ShouldThrowExceptionOnMalformedInput" time="0.001" />
  <testcase classname="org.jedit.io.Native2ASCIIEncodingTest" name="read_charArray_ShouldConvertEscapeSequence" time="0.0" />
  <testcase classname="org.jedit.io.Native2ASCIIEncodingTest" name="readShouldThrowExceptionOnMissingInputAfterU" time="0.001" />
  <testcase classname="org.jedit.io.Native2ASCIIEncodingTest" name="readShouldThrowExceptionOnMalformedInput" time="0.001" />
  <testcase classname="org.jedit.io.Native2ASCIIEncodingTest" name="permissiveReadShouldAcceptMissingInputAfterU" time="0.0" />
  <testcase classname="org.jedit.io.Native2ASCIIEncodingTest" name="read_CharBuffer_ShouldConvertEscapeSequence" time="0.0" />
  <testcase classname="org.jedit.io.Native2ASCIIEncodingTest" name="permissiveReadShouldAcceptMalformedInput" time="0.0" />
  <testcase classname="org.jedit.io.Native2ASCIIEncodingTest" name="write_charArray_ShouldEncodeNonASCIICharactersCorrectly" time="0.0" />
  <testcase classname="org.jedit.io.Native2ASCIIEncodingTest" name="write_charArray_int_int_ShouldEncodeNonASCIICharactersCorrectly" time="0.0" />
  <testcase classname="org.jedit.io.Native2ASCIIEncodingTest" name="write_String_int_int_ShouldEncodeNonASCIICharactersCorrectly" time="0.0" />
  <testcase classname="org.jedit.io.Native2ASCIIEncodingTest" name="append_CharSequence_ShouldEncodeNonASCIICharactersCorrectly" time="0.0" />
  <testcase classname="org.jedit.io.Native2ASCIIEncodingTest" name="append_CharSequence_int_int_ShouldEncodeNullCorrectly" time="0.0" />
  <testcase classname="org.jedit.io.Native2ASCIIEncodingTest" name="append_char_ShouldEncodeNonASCIICharactersCorrectly" time="0.0" />
  <testcase classname="org.jedit.io.Native2ASCIIEncodingTest" name="write_String_ShouldEncodeNonASCIICharactersCorrectly" time="0.0" />
  <system-out><![CDATA[]]></system-out>
  <system-err><![CDATA[]]></system-err>
</testsuite>
